This is XeTeX, Version 3.141592653-2.6-0.999994 (MiKTeX 23.1 Portable) (preloaded format=xelatex 2023.3.14)  4 MAR 2024 17:23
entering extended mode
 restricted \write18 enabled.
 %&-line parsing enabled.
**cd_report_win.tex
(y:\miktex-portable\texmfs\install\tex/latex/tools\q.tex
LaTeX2e <2022-11-01> patch level 1
L3 programming layer <2023-02-07> File ignored
)
! Emergency stop.
<*> cd_report_win.tex
                     
*** (job aborted, no legal \end found)

 
Here is how much of TeX's memory you used:
 17 strings out of 411476
 331 string characters out of 5820613
 1842001 words of memory out of 5000000
 20339 multiletter control sequences out of 15000+600000
 512287 words of font info for 32 fonts, out of 8000000 for 9000
 1348 hyphenation exceptions out of 8191
 12i,0n,12p,97b,10s stack positions out of 10000i,1000n,20000p,200000b,200000s
No pages of output.
