This is XeTeX, Version 3.141592653-2.6-0.999994 (MiKTeX 23.1 Portable) (preloaded format=xelatex 2023.3.14)  29 FEB 2024 23:17
entering extended mode
 restricted \write18 enabled.
 %&-line parsing enabled.
**./cd_report_win.tex
(cd_report_win.tex
LaTeX2e <2022-11-01> patch level 1
L3 programming layer <2023-02-07>
(y:\miktex-portable\texmfs\install\tex/latex/base\report.cls
Document Class: report 2022/07/02 v1.4n Standard LaTeX document class
(y:\miktex-portable\texmfs\install\tex/latex/base\size12.clo
File: size12.clo 2022/07/02 v1.4n Standard LaTeX file (size option)
)
\c@part=\count181
\c@chapter=\count182
\c@section=\count183
\c@subsection=\count184
\c@subsubsection=\count185
\c@paragraph=\count186
\c@subparagraph=\count187
\c@figure=\count188
\c@table=\count189
\abovecaptionskip=\skip48
\belowcaptionskip=\skip49
\bibindent=\dimen140
)
(y:\miktex-portable\texmfs\install\tex/xelatex/xecjk\xeCJK.sty
(y:\miktex-portable\texmfs\install\tex/latex/l3kernel\expl3.sty
Package: expl3 2023-02-07 L3 programming layer (loader) 

(y:\miktex-portable\texmfs\install\tex/latex/l3backend\l3backend-xetex.def
File: l3backend-xetex.def 2023-01-16 L3 backend support: XeTeX
\g__graphics_track_int=\count190
\l__pdf_internal_box=\box51
\g__pdf_backend_object_int=\count191
\g__pdf_backend_annotation_int=\count192
\g__pdf_backend_link_int=\count193
))
Package: xeCJK 2022/08/05 v3.9.1 Typesetting CJK scripts with XeLaTeX

(y:\miktex-portable\texmfs\install\tex/latex/ctex\ctexhook.sty
Package: ctexhook 2022/07/14 v2.5.10 Document and package hooks (CTEX)
)
(y:\miktex-portable\texmfs\install\tex/latex/l3packages/xtemplate\xtemplate.sty
Package: xtemplate 2023-01-16 L3 Experimental prototype document functions
\l__xtemplate_tmp_dim=\dimen141
\l__xtemplate_tmp_int=\count194
\l__xtemplate_tmp_muskip=\muskip16
\l__xtemplate_tmp_skip=\skip50
)
\l__xeCJK_tmp_int=\count195
\l__xeCJK_tmp_box=\box52
\l__xeCJK_tmp_dim=\dimen142
\l__xeCJK_tmp_skip=\skip51
\g__xeCJK_space_factor_int=\count196
\l__xeCJK_begin_int=\count197
\l__xeCJK_end_int=\count198
\c__xeCJK_CJK_class_int=\XeTeXcharclass1
\c__xeCJK_FullLeft_class_int=\XeTeXcharclass2
\c__xeCJK_FullRight_class_int=\XeTeXcharclass3
\c__xeCJK_HalfLeft_class_int=\XeTeXcharclass4
\c__xeCJK_HalfRight_class_int=\XeTeXcharclass5
\c__xeCJK_NormalSpace_class_int=\XeTeXcharclass6
\c__xeCJK_CM_class_int=\XeTeXcharclass7
\c__xeCJK_HangulJamo_class_int=\XeTeXcharclass8
\l__xeCJK_last_skip=\skip52
\c__xeCJK_none_node=\count199
\g__xeCJK_node_int=\count266
\c__xeCJK_CJK_node_dim=\dimen143
\c__xeCJK_CJK-space_node_dim=\dimen144
\c__xeCJK_default_node_dim=\dimen145
\c__xeCJK_CJK-widow_node_dim=\dimen146
\c__xeCJK_normalspace_node_dim=\dimen147
\c__xeCJK_default-space_node_skip=\skip53
\l__xeCJK_ccglue_skip=\skip54
\l__xeCJK_ecglue_skip=\skip55
\l__xeCJK_punct_kern_skip=\skip56
\l__xeCJK_indent_box=\box53
\l__xeCJK_last_penalty_int=\count267
\l__xeCJK_last_bound_dim=\dimen148
\l__xeCJK_last_kern_dim=\dimen149
\l__xeCJK_widow_penalty_int=\count268

Package xtemplate Info: Declaring object type 'xeCJK/punctuation' taking 0
(xtemplate)             argument(s) on line 2396.

\l__xeCJK_fixed_punct_width_dim=\dimen150
\l__xeCJK_mixed_punct_width_dim=\dimen151
\l__xeCJK_middle_punct_width_dim=\dimen152
\l__xeCJK_fixed_margin_width_dim=\dimen153
\l__xeCJK_mixed_margin_width_dim=\dimen154
\l__xeCJK_middle_margin_width_dim=\dimen155
\l__xeCJK_bound_punct_width_dim=\dimen156
\l__xeCJK_bound_margin_width_dim=\dimen157
\l__xeCJK_margin_minimum_dim=\dimen158
\l__xeCJK_kerning_total_width_dim=\dimen159
\l__xeCJK_same_align_margin_dim=\dimen160
\l__xeCJK_different_align_margin_dim=\dimen161
\l__xeCJK_kerning_margin_width_dim=\dimen162
\l__xeCJK_kerning_margin_minimum_dim=\dimen163
\l__xeCJK_bound_dim=\dimen164
\l__xeCJK_reverse_bound_dim=\dimen165
\l__xeCJK_margin_dim=\dimen166
\l__xeCJK_minimum_bound_dim=\dimen167
\l__xeCJK_kerning_margin_dim=\dimen168
\g__xeCJK_family_int=\count269
\l__xeCJK_fam_int=\count270
\g__xeCJK_fam_allocation_int=\count271
\l__xeCJK_verb_case_int=\count272
\l__xeCJK_verb_exspace_skip=\skip57
 (y:\miktex-portable\texmfs\install\tex/latex/fontspec\fontspec.sty
(y:\miktex-portable\texmfs\install\tex/latex/l3packages/xparse\xparse.sty
Package: xparse 2023-01-16 L3 Experimental document command parser
)
Package: fontspec 2022/01/15 v2.8a Font selection for XeLaTeX and LuaLaTeX

(y:\miktex-portable\texmfs\install\tex/latex/fontspec\fontspec-xetex.sty
Package: fontspec-xetex 2022/01/15 v2.8a Font selection for XeLaTeX and LuaLaTe
X
\l__fontspec_script_int=\count273
\l__fontspec_language_int=\count274
\l__fontspec_strnum_int=\count275
\l__fontspec_tmp_int=\count276
\l__fontspec_tmpa_int=\count277
\l__fontspec_tmpb_int=\count278
\l__fontspec_tmpc_int=\count279
\l__fontspec_em_int=\count280
\l__fontspec_emdef_int=\count281
\l__fontspec_strong_int=\count282
\l__fontspec_strongdef_int=\count283
\l__fontspec_tmpa_dim=\dimen169
\l__fontspec_tmpb_dim=\dimen170
\l__fontspec_tmpc_dim=\dimen171

(y:\miktex-portable\texmfs\install\tex/latex/base\fontenc.sty
Package: fontenc 2021/04/29 v2.0v Standard LaTeX package
)
(y:\miktex-portable\texmfs\install\tex/latex/fontspec\fontspec.cfg)))
(y:\miktex-portable\texmfs\install\tex/xelatex/xecjk\xeCJK.cfg
File: xeCJK.cfg 2022/08/05 v3.9.1 Configuration file for xeCJK package
))

Package fontspec Info: Could not resolve font "標楷體/BI" (it probably doesn't
(fontspec)             exist).


Package fontspec Info: Could not resolve font "標楷體/B" (it probably doesn't
(fontspec)             exist).


Package fontspec Info: Could not resolve font "標楷體/I" (it probably doesn't
(fontspec)             exist).


Package fontspec Info: Font family '標楷體(0)' created for font '標楷體' with
(fontspec)             options [Script={CJK}].
(fontspec)              
(fontspec)              This font family consists of the following NFSS
(fontspec)             series/shapes:
(fontspec)              
(fontspec)             - 'normal' (m/n) with NFSS spec.:
(fontspec)             <->"標楷體/OT:script=hani;language=dflt;"
(fontspec)             - 'small caps'  (m/sc) with NFSS spec.: 


Package fontspec Info: Font family 'TimesNewRoman(0)' created for font 'Times
(fontspec)             New Roman' with options [].
(fontspec)              
(fontspec)              This font family consists of the following NFSS
(fontspec)             series/shapes:
(fontspec)              
(fontspec)             - 'normal' (m/n) with NFSS spec.: <->"Times New
(fontspec)             Roman/OT:script=latn;language=dflt;"
(fontspec)             - 'small caps'  (m/sc) with NFSS spec.: <->"Times New
(fontspec)             Roman/OT:script=latn;language=dflt;+smcp;"
(fontspec)             - 'bold' (b/n) with NFSS spec.: <->"Times New
(fontspec)             Roman/B/OT:script=latn;language=dflt;"
(fontspec)             - 'bold small caps'  (b/sc) with NFSS spec.: <->"Times
(fontspec)             New Roman/B/OT:script=latn;language=dflt;+smcp;"
(fontspec)             - 'italic' (m/it) with NFSS spec.: <->"Times New
(fontspec)             Roman/I/OT:script=latn;language=dflt;"
(fontspec)             - 'italic small caps'  (m/scit) with NFSS spec.:
(fontspec)             <->"Times New
(fontspec)             Roman/I/OT:script=latn;language=dflt;+smcp;"
(fontspec)             - 'bold italic' (b/it) with NFSS spec.: <->"Times New
(fontspec)             Roman/BI/OT:script=latn;language=dflt;"
(fontspec)             - 'bold italic small caps'  (b/scit) with NFSS spec.:
(fontspec)             <->"Times New
(fontspec)             Roman/BI/OT:script=latn;language=dflt;+smcp;"


(y:\miktex-portable\texmfs\install\tex/latex/tools\enumerate.sty
Package: enumerate 2015/07/23 v3.00 enumerate extensions (DPC)
\@enLab=\toks16
)
(y:\miktex-portable\texmfs\install\tex/latex/amsmath\amsmath.sty
Package: amsmath 2022/04/08 v2.17n AMS math features
\@mathmargin=\skip58

For additional information on amsmath, use the `?' option.
(y:\miktex-portable\texmfs\install\tex/latex/amsmath\amstext.sty
Package: amstext 2021/08/26 v2.01 AMS text

(y:\miktex-portable\texmfs\install\tex/latex/amsmath\amsgen.sty
File: amsgen.sty 1999/11/30 v2.0 generic functions
\@emptytoks=\toks17
\ex@=\dimen172
))
(y:\miktex-portable\texmfs\install\tex/latex/amsmath\amsbsy.sty
Package: amsbsy 1999/11/29 v1.2d Bold Symbols
\pmbraise@=\dimen173
)
(y:\miktex-portable\texmfs\install\tex/latex/amsmath\amsopn.sty
Package: amsopn 2022/04/08 v2.04 operator names
)
\inf@bad=\count284
LaTeX Info: Redefining \frac on input line 234.
\uproot@=\count285
\leftroot@=\count286
LaTeX Info: Redefining \overline on input line 399.
LaTeX Info: Redefining \colon on input line 410.
\classnum@=\count287
\DOTSCASE@=\count288
LaTeX Info: Redefining \ldots on input line 496.
LaTeX Info: Redefining \dots on input line 499.
LaTeX Info: Redefining \cdots on input line 620.
\Mathstrutbox@=\box54
\strutbox@=\box55
LaTeX Info: Redefining \big on input line 722.
LaTeX Info: Redefining \Big on input line 723.
LaTeX Info: Redefining \bigg on input line 724.
LaTeX Info: Redefining \Bigg on input line 725.
\big@size=\dimen174
LaTeX Font Info:    Redeclaring font encoding OML on input line 743.
LaTeX Font Info:    Redeclaring font encoding OMS on input line 744.
\macc@depth=\count289
LaTeX Info: Redefining \bmod on input line 905.
LaTeX Info: Redefining \pmod on input line 910.
LaTeX Info: Redefining \smash on input line 940.
LaTeX Info: Redefining \relbar on input line 970.
LaTeX Info: Redefining \Relbar on input line 971.
\c@MaxMatrixCols=\count290
\dotsspace@=\muskip17
\c@parentequation=\count291
\dspbrk@lvl=\count292
\tag@help=\toks18
\row@=\count293
\column@=\count294
\maxfields@=\count295
\andhelp@=\toks19
\eqnshift@=\dimen175
\alignsep@=\dimen176
\tagshift@=\dimen177
\tagwidth@=\dimen178
\totwidth@=\dimen179
\lineht@=\dimen180
\@envbody=\toks20
\multlinegap=\skip59
\multlinetaggap=\skip60
\mathdisplay@stack=\toks21
LaTeX Info: Redefining \[ on input line 2953.
LaTeX Info: Redefining \] on input line 2954.
)
(y:\miktex-portable\texmfs\install\tex/latex/amsfonts\amssymb.sty
Package: amssymb 2013/01/14 v3.01 AMS font symbols

(y:\miktex-portable\texmfs\install\tex/latex/amsfonts\amsfonts.sty
Package: amsfonts 2013/01/14 v3.01 Basic AMSFonts support
\symAMSa=\mathgroup4
\symAMSb=\mathgroup5
LaTeX Font Info:    Redeclaring math symbol \hbar on input line 98.
LaTeX Font Info:    Overwriting math alphabet `\mathfrak' in version `bold'
(Font)                  U/euf/m/n --> U/euf/b/n on input line 106.
))
(y:\miktex-portable\texmfs\install\tex/latex/graphics\graphicx.sty
Package: graphicx 2021/09/16 v1.2d Enhanced LaTeX Graphics (DPC,SPQR)

(y:\miktex-portable\texmfs\install\tex/latex/graphics\keyval.sty
Package: keyval 2022/05/29 v1.15 key=value parser (DPC)
\KV@toks@=\toks22
)
(y:\miktex-portable\texmfs\install\tex/latex/graphics\graphics.sty
Package: graphics 2022/03/10 v1.4e Standard LaTeX Graphics (DPC,SPQR)

(y:\miktex-portable\texmfs\install\tex/latex/graphics\trig.sty
Package: trig 2021/08/11 v1.11 sin cos tan (DPC)
)
(y:\miktex-portable\texmfs\install\tex/latex/graphics-cfg\graphics.cfg
File: graphics.cfg 2016/06/04 v1.11 sample graphics configuration
)
Package graphics Info: Driver file: xetex.def on input line 107.

(y:\miktex-portable\texmfs\install\tex/latex/graphics-def\xetex.def
File: xetex.def 2022/09/22 v5.0n Graphics/color driver for xetex
))
\Gin@req@height=\dimen181
\Gin@req@width=\dimen182
)
(y:\miktex-portable\texmfs\install\tex/latex/subfigure\subfigure.sty
Package: subfigure 2002/07/30 v2.1.4 subfigure package
\subfigtopskip=\skip61
\subfigcapskip=\skip62
\subfigcaptopadj=\dimen183
\subfigbottomskip=\skip63
\subfigcapmargin=\dimen184
\subfiglabelskip=\skip64
\c@subfigure=\count296
\c@lofdepth=\count297
\c@subtable=\count298
\c@lotdepth=\count299

****************************************
* Local config file subfigure.cfg used *
****************************************
(y:\miktex-portable\texmfs\install\tex/latex/subfigure\subfigure.cfg)
\subfig@top=\skip65
\subfig@bottom=\skip66
)
(y:\miktex-portable\texmfs\install\tex/latex/fontawesome5\fontawesome5.sty
Package: fontawesome5 2022/05/02 v5.15.4 Font Awesome 5

(y:\miktex-portable\texmfs\install\tex/latex/l3packages/l3keys2e\l3keys2e.sty
Package: l3keys2e 2023-01-16 LaTeX2e option processing using LaTeX3 keys
)
(y:\miktex-portable\texmfs\install\tex/latex/fontawesome5\fontawesome5-utex-hel
per.sty
Package: fontawesome5-utex-helper 2022/05/02 v5.15.4 uTeX helper for fontawesom
e5
LaTeX Font Info:    Trying to load font information for TU+fontawesomefree on i
nput line 69.

(y:\miktex-portable\texmfs\install\tex/latex/fontawesome5\tufontawesomefree.fd)
LaTeX Font Info:    Trying to load font information for TU+fontawesomebrands on
 input line 70.

(y:\miktex-portable\texmfs\install\tex/latex/fontawesome5\tufontawesomebrands.f
d))) (y:\miktex-portable\texmfs\install\tex/latex/type1cm\type1cm.sty
Package: type1cm 2002/09/05 v0.04 BlueSky/Y&Y Type1 CM font definitions (DPC, p
atched RF)
)
(y:\miktex-portable\texmfs\install\tex/latex/textpos\textpos.sty
Package: textpos 2022/07/23 v1.10.1
Package textpos Info: choosing support for LaTeX3 on input line 60.
\TP@textbox=\box56
\TPHorizModule=\dimen185
\TPVertModule=\dimen186
\TP@margin=\dimen187
\TP@absmargin=\dimen188

Grid set 16 x 16 = 37.34424pt x 52.81541pt
\TPboxrulesize=\dimen189
\TP@tbargs=\toks23
) (y:\miktex-portable\texmfs\install\tex/latex/geometry\geometry.sty
Package: geometry 2020/01/02 v5.9 Page Geometry

(y:\miktex-portable\texmfs\install\tex/generic/iftex\ifvtex.sty
Package: ifvtex 2019/10/25 v1.7 ifvtex legacy package. Use iftex instead.

(y:\miktex-portable\texmfs\install\tex/generic/iftex\iftex.sty
Package: iftex 2022/02/03 v1.0f TeX engine tests
))
\Gm@cnth=\count300
\Gm@cntv=\count301
\c@Gm@tempcnt=\count302
\Gm@bindingoffset=\dimen190
\Gm@wd@mp=\dimen191
\Gm@odd@mp=\dimen192
\Gm@even@mp=\dimen193
\Gm@layoutwidth=\dimen194
\Gm@layoutheight=\dimen195
\Gm@layouthoffset=\dimen196
\Gm@layoutvoffset=\dimen197
\Gm@dimlist=\toks24

(y:\miktex-portable\texmfs\install\tex/latex/geometry\geometry.cfg))
(y:\miktex-portable\texmfs\install\tex/latex/titlesec\titlesec.sty
Package: titlesec 2021/07/05 v2.14 Sectioning titles
\ttl@box=\box57
\beforetitleunit=\skip67
\aftertitleunit=\skip68
\ttl@plus=\dimen198
\ttl@minus=\dimen199
\ttl@toksa=\toks25
\titlewidth=\dimen256
\titlewidthlast=\dimen257
\titlewidthfirst=\dimen258
)
(y:\miktex-portable\texmfs\install\tex/latex/titlesec\titletoc.sty
Package: titletoc 2021/07/05 v2.14 TOC entries
\ttl@leftsep=\dimen259
)
(y:\miktex-portable\texmfs\install\tex/latex/base\textcomp.sty
Package: textcomp 2020/02/02 v2.0n Standard LaTeX package
)
(y:\miktex-portable\texmfs\install\tex/latex/multirow\multirow.sty
Package: multirow 2021/03/15 v2.8 Span multiple rows of a table
\multirow@colwidth=\skip69
\multirow@cntb=\count303
\multirow@dima=\skip70
\bigstrutjot=\dimen260
)

Package ctexhook Warning: Package `CJK' can not be loaded with `xeCJK'.

LaTeX Info: Package 'CJK.sty' has been disabled.
            Load request ignored on input line 22.
(y:\miktex-portable\texmfs\install\tex/latex/cjk\CJKnumb.sty
Package: CJKnumb 2021/10/16 4.8.5
\CJK@q=\count304
\CJK@r=\count305
)
(y:\miktex-portable\texmfs\install\tex/latex/wallpaper\wallpaper.sty
Package: wallpaper 2005/01/18, v1.01 easy wallpaper formatting (MHFW)

(y:\miktex-portable\texmfs\install\tex/latex/base\ifthen.sty
Package: ifthen 2022/04/13 v1.1d Standard LaTeX ifthen package (DPC)
)
(y:\miktex-portable\texmfs\install\tex/latex/tools\calc.sty
Package: calc 2017/05/25 v4.3 Infix arithmetic (KKT,FJ)
\calc@Acount=\count306
\calc@Bcount=\count307
\calc@Adimen=\dimen261
\calc@Bdimen=\dimen262
\calc@Askip=\skip71
\calc@Bskip=\skip72
LaTeX Info: Redefining \setlength on input line 80.
LaTeX Info: Redefining \addtolength on input line 81.
\calc@Ccount=\count308
\calc@Cskip=\skip73
)
(y:\miktex-portable\texmfs\install\tex/latex/eso-pic\eso-pic.sty
Package: eso-pic 2020/10/14 v3.0a eso-pic (RN)
\ESO@tempdima=\dimen263
\ESO@tempdimb=\dimen264

(y:\miktex-portable\texmfs\install\tex/latex/xcolor\xcolor.sty
Package: xcolor 2022/06/12 v2.14 LaTeX color extensions (UK)

(y:\miktex-portable\texmfs\install\tex/latex/graphics-cfg\color.cfg
File: color.cfg 2016/01/02 v1.6 sample color configuration
)
Package xcolor Info: Driver file: xetex.def on input line 227.

(y:\miktex-portable\texmfs\install\tex/latex/graphics\mathcolor.ltx)
Package xcolor Info: Model `cmy' substituted by `cmy0' on input line 1353.
Package xcolor Info: Model `RGB' extended on input line 1369.
Package xcolor Info: Model `HTML' substituted by `rgb' on input line 1371.
Package xcolor Info: Model `Hsb' substituted by `hsb' on input line 1372.
Package xcolor Info: Model `tHsb' substituted by `hsb' on input line 1373.
Package xcolor Info: Model `HSB' substituted by `hsb' on input line 1374.
Package xcolor Info: Model `Gray' substituted by `gray' on input line 1375.
Package xcolor Info: Model `wave' substituted by `hsb' on input line 1376.
))
\wpXoffset=\skip74
\wpYoffset=\skip75
\tileXoffset=\skip76
\tileYoffset=\skip77
\tilewidth=\skip78
\tileheight=\skip79
\tileX=\skip80
\tileY=\skip81
)
(y:\miktex-portable\texmfs\install\tex/latex/listings\listings.sty
\lst@mode=\count309
\lst@gtempboxa=\box58
\lst@token=\toks26
\lst@length=\count310
\lst@currlwidth=\dimen265
\lst@column=\count311
\lst@pos=\count312
\lst@lostspace=\dimen266
\lst@width=\dimen267
\lst@newlines=\count313
\lst@lineno=\count314
\lst@maxwidth=\dimen268

(y:\miktex-portable\texmfs\install\tex/latex/listings\lstmisc.sty
File: lstmisc.sty 2020/03/24 1.8d (Carsten Heinz)
\c@lstnumber=\count315
\lst@skipnumbers=\count316
\lst@framebox=\box59
)
(y:\miktex-portable\texmfs\install\tex/latex/listings\listings.cfg
File: listings.cfg 2020/03/24 1.8d listings configuration
))
Package: listings 2020/03/24 1.8d (Carsten Heinz)

(y:\miktex-portable\texmfs\install\tex/xelatex/xecjk\xeCJK-listings.sty
Package: xeCJK-listings 2022/08/05 v3.9.1 xeCJK patch file for listings
\l__xeCJK_listings_max_char_int=\count317
\l__xeCJK_listings_flag_int=\count318
)
(y:\miktex-portable\texmfs\install\tex/latex/hyperref\hyperref.sty
Package: hyperref 2023-02-07 v7.00v Hypertext links for LaTeX

(y:\miktex-portable\texmfs\install\tex/generic/ltxcmds\ltxcmds.sty
Package: ltxcmds 2020-05-10 v1.25 LaTeX kernel commands for general use (HO)
)
(y:\miktex-portable\texmfs\install\tex/generic/pdftexcmds\pdftexcmds.sty
Package: pdftexcmds 2020-06-27 v0.33 Utility functions of pdfTeX for LuaTeX (HO
)

(y:\miktex-portable\texmfs\install\tex/generic/infwarerr\infwarerr.sty
Package: infwarerr 2019/12/03 v1.5 Providing info/warning/error messages (HO)
)
Package pdftexcmds Info: \pdf@primitive is available.
Package pdftexcmds Info: \pdf@ifprimitive is available.
Package pdftexcmds Info: \pdfdraftmode not found.
)
(y:\miktex-portable\texmfs\install\tex/latex/kvsetkeys\kvsetkeys.sty
Package: kvsetkeys 2022-10-05 v1.19 Key value parser (HO)
)
(y:\miktex-portable\texmfs\install\tex/generic/kvdefinekeys\kvdefinekeys.sty
Package: kvdefinekeys 2019-12-19 v1.6 Define keys (HO)
)
(y:\miktex-portable\texmfs\install\tex/generic/pdfescape\pdfescape.sty
Package: pdfescape 2019/12/09 v1.15 Implements pdfTeX's escape features (HO)
)
(y:\miktex-portable\texmfs\install\tex/latex/hycolor\hycolor.sty
Package: hycolor 2020-01-27 v1.10 Color options for hyperref/bookmark (HO)
)
(y:\miktex-portable\texmfs\install\tex/latex/letltxmacro\letltxmacro.sty
Package: letltxmacro 2019/12/03 v1.6 Let assignment for LaTeX macros (HO)
)
(y:\miktex-portable\texmfs\install\tex/latex/auxhook\auxhook.sty
Package: auxhook 2019-12-17 v1.6 Hooks for auxiliary files (HO)
)
(y:\miktex-portable\texmfs\install\tex/latex/hyperref\nameref.sty
Package: nameref 2022-05-17 v2.50 Cross-referencing by name of section

(y:\miktex-portable\texmfs\install\tex/latex/refcount\refcount.sty
Package: refcount 2019/12/15 v3.6 Data extraction from label references (HO)
)
(y:\miktex-portable\texmfs\install\tex/generic/gettitlestring\gettitlestring.st
y
Package: gettitlestring 2019/12/15 v1.6 Cleanup title references (HO)
 (y:\miktex-portable\texmfs\install\tex/latex/kvoptions\kvoptions.sty
Package: kvoptions 2022-06-15 v3.15 Key value format for package options (HO)
))
\c@section@level=\count319
)
\@linkdim=\dimen269
\Hy@linkcounter=\count320
\Hy@pagecounter=\count321

(y:\miktex-portable\texmfs\install\tex/latex/hyperref\pd1enc.def
File: pd1enc.def 2023-02-07 v7.00v Hyperref: PDFDocEncoding definition (HO)
)
(y:\miktex-portable\texmfs\install\tex/generic/intcalc\intcalc.sty
Package: intcalc 2019/12/15 v1.3 Expandable calculations with integers (HO)
)
(y:\miktex-portable\texmfs\install\tex/generic/etexcmds\etexcmds.sty
Package: etexcmds 2019/12/15 v1.7 Avoid name clashes with e-TeX commands (HO)
)
\Hy@SavedSpaceFactor=\count322

(y:\miktex-portable\texmfs\install\tex/latex/hyperref\puenc.def
File: puenc.def 2023-02-07 v7.00v Hyperref: PDF Unicode definition (HO)
)
Package hyperref Info: Hyper figures OFF on input line 4177.
Package hyperref Info: Link nesting OFF on input line 4182.
Package hyperref Info: Hyper index ON on input line 4185.
Package hyperref Info: Plain pages OFF on input line 4192.
Package hyperref Info: Backreferencing OFF on input line 4197.
Package hyperref Info: Implicit mode ON; LaTeX internals redefined.
Package hyperref Info: Bookmarks ON on input line 4425.
\c@Hy@tempcnt=\count323

(y:\miktex-portable\texmfs\install\tex/latex/url\url.sty
\Urlmuskip=\muskip18
Package: url 2013/09/16  ver 3.4  Verb mode for urls, etc.
)
LaTeX Info: Redefining \url on input line 4763.
\XeTeXLinkMargin=\dimen270

(y:\miktex-portable\texmfs\install\tex/generic/bitset\bitset.sty
Package: bitset 2019/12/09 v1.3 Handle bit-vector datatype (HO)

(y:\miktex-portable\texmfs\install\tex/generic/bigintcalc\bigintcalc.sty
Package: bigintcalc 2019/12/15 v1.5 Expandable calculations on big integers (HO
)
))
\Fld@menulength=\count324
\Field@Width=\dimen271
\Fld@charsize=\dimen272
Package hyperref Info: Hyper figures OFF on input line 6042.
Package hyperref Info: Link nesting OFF on input line 6047.
Package hyperref Info: Hyper index ON on input line 6050.
Package hyperref Info: backreferencing OFF on input line 6057.
Package hyperref Info: Link coloring OFF on input line 6062.
Package hyperref Info: Link coloring with OCG OFF on input line 6067.
Package hyperref Info: PDF/A mode OFF on input line 6072.

(y:\miktex-portable\texmfs\install\tex/latex/base\atbegshi-ltx.sty
Package: atbegshi-ltx 2021/01/10 v1.0c Emulation of the original atbegshi
package with kernel methods
)
\Hy@abspage=\count325
\c@Item=\count326
\c@Hfootnote=\count327
)
Package hyperref Info: Driver (autodetected): hxetex.

(y:\miktex-portable\texmfs\install\tex/latex/hyperref\hxetex.def
File: hxetex.def 2023-02-07 v7.00v Hyperref driver for XeTeX

(y:\miktex-portable\texmfs\install\tex/generic/stringenc\stringenc.sty
Package: stringenc 2019/11/29 v1.12 Convert strings between diff. encodings (HO
)
)
\pdfm@box=\box60
\c@Hy@AnnotLevel=\count328
\HyField@AnnotCount=\count329
\Fld@listcount=\count330
\c@bookmark@seq@number=\count331

(y:\miktex-portable\texmfs\install\tex/latex/rerunfilecheck\rerunfilecheck.sty
Package: rerunfilecheck 2022-07-10 v1.10 Rerun checks for auxiliary files (HO)

(y:\miktex-portable\texmfs\install\tex/latex/base\atveryend-ltx.sty
Package: atveryend-ltx 2020/08/19 v1.0a Emulation of the original atveryend pac
kage
with kernel methods
)
(y:\miktex-portable\texmfs\install\tex/generic/uniquecounter\uniquecounter.sty
Package: uniquecounter 2019/12/15 v1.4 Provide unlimited unique counter (HO)
)
Package uniquecounter Info: New unique counter `rerunfilecheck' on input line 2
85.
)
\Hy@SectionHShift=\skip82
) (y:\miktex-portable\texmfs\install\tex/latex/setspace\setspace.sty
Package: setspace 2022/12/04 v6.7b set line spacing
)
(y:\miktex-portable\texmfs\install\tex/latex/graphics\lscape.sty
Package: lscape 2020/05/28 v3.02 Landscape Pages (DPC)
)
(y:\miktex-portable\texmfs\install\tex/latex/listings\lstlang1.sty
File: lstlang1.sty 2020/03/24 1.8d listings language file
)
(y:\miktex-portable\texmfs\install\tex/latex/tools\indentfirst.sty
Package: indentfirst 1995/11/23 v1.03 Indent first paragraph (DPC)
)
(y:\miktex-portable\texmfs\install\tex/latex/appendix\appendix.sty
Package: appendix 2020/02/08 v1.2c extra appendix facilities
\c@@pps=\count332
\c@@ppsavesec=\count333
\c@@ppsaveapp=\count334
)
(y:\miktex-portable\texmfs\install\tex/latex/diagbox\diagbox.sty
Package: diagbox 2020/02/09 v2.3 Making table heads with diagonal lines

(y:\miktex-portable\texmfs\install\tex/latex/pict2e\pict2e.sty
Package: pict2e 2020/09/30 v0.4b Improved picture commands (HjG,RN,JT)

(y:\miktex-portable\texmfs\install\tex/latex/pict2e\pict2e.cfg
File: pict2e.cfg 2016/02/05 v0.1u pict2e configuration for teTeX/TeXLive
)
Package pict2e Info: Driver file: xetex.def on input line 112.
Package pict2e Info: Driver file for pict2e: p2e-xetex.def on input line 114.

(y:\miktex-portable\texmfs\install\tex/latex/pict2e\p2e-xetex.def
File: p2e-xetex.def 2016/02/05 v0.1u Driver-dependant file (RN,HjG,JT)
)
\pIIe@GRAPH=\toks27
\@arclen=\dimen273
\@arcrad=\dimen274
\pIIe@tempdima=\dimen275
\pIIe@tempdimb=\dimen276
\pIIe@tempdimc=\dimen277
\pIIe@tempdimd=\dimen278
\pIIe@tempdime=\dimen279
\pIIe@tempdimf=\dimen280
)
(y:\miktex-portable\texmfs\install\tex/latex/tools\array.sty
Package: array 2022/09/04 v2.5g Tabular extension package (FMi)
\col@sep=\dimen281
\ar@mcellbox=\box61
\extrarowheight=\dimen282
\NC@list=\toks28
\extratabsurround=\skip83
\backup@length=\skip84
\ar@cellbox=\box62
)
\diagbox@boxa=\box63
\diagbox@boxb=\box64
\diagbox@boxm=\box65
\diagbox@wd=\dimen283
\diagbox@ht=\dimen284
\diagbox@insepl=\dimen285
\diagbox@insepr=\dimen286
\diagbox@outsepl=\dimen287
\diagbox@outsepr=\dimen288
)
(cd_report_win.aux)
\openout1 = `cd_report_win.aux'.

LaTeX Font Info:    Checking defaults for OML/cmm/m/it on input line 60.
LaTeX Font Info:    ... okay on input line 60.
LaTeX Font Info:    Checking defaults for OMS/cmsy/m/n on input line 60.
LaTeX Font Info:    ... okay on input line 60.
LaTeX Font Info:    Checking defaults for OT1/cmr/m/n on input line 60.
LaTeX Font Info:    ... okay on input line 60.
LaTeX Font Info:    Checking defaults for T1/cmr/m/n on input line 60.
LaTeX Font Info:    ... okay on input line 60.
LaTeX Font Info:    Checking defaults for TS1/cmr/m/n on input line 60.
LaTeX Font Info:    Trying to load font information for TS1+cmr on input line 6
0.
 (y:\miktex-portable\texmfs\install\tex/latex/base\ts1cmr.fd
File: ts1cmr.fd 2022/07/10 v2.5l Standard LaTeX font definitions
)
LaTeX Font Info:    ... okay on input line 60.
LaTeX Font Info:    Checking defaults for TU/lmr/m/n on input line 60.
LaTeX Font Info:    ... okay on input line 60.
LaTeX Font Info:    Checking defaults for OMX/cmex/m/n on input line 60.
LaTeX Font Info:    ... okay on input line 60.
LaTeX Font Info:    Checking defaults for U/cmr/m/n on input line 60.
LaTeX Font Info:    ... okay on input line 60.
LaTeX Font Info:    Checking defaults for PD1/pdf/m/n on input line 60.
LaTeX Font Info:    ... okay on input line 60.
LaTeX Font Info:    Checking defaults for PU/pdf/m/n on input line 60.
LaTeX Font Info:    ... okay on input line 60.

Package fontspec Info: Adjusting the maths setup (use [no-math] to avoid
(fontspec)             this).

\symlegacymaths=\mathgroup6
LaTeX Font Info:    Overwriting symbol font `legacymaths' in version `bold'
(Font)                  OT1/cmr/m/n --> OT1/cmr/bx/n on input line 60.
LaTeX Font Info:    Redeclaring math accent \acute on input line 60.
LaTeX Font Info:    Redeclaring math accent \grave on input line 60.
LaTeX Font Info:    Redeclaring math accent \ddot on input line 60.
LaTeX Font Info:    Redeclaring math accent \tilde on input line 60.
LaTeX Font Info:    Redeclaring math accent \bar on input line 60.
LaTeX Font Info:    Redeclaring math accent \breve on input line 60.
LaTeX Font Info:    Redeclaring math accent \check on input line 60.
LaTeX Font Info:    Redeclaring math accent \hat on input line 60.
LaTeX Font Info:    Redeclaring math accent \dot on input line 60.
LaTeX Font Info:    Redeclaring math accent \mathring on input line 60.
LaTeX Font Info:    Redeclaring math symbol \Gamma on input line 60.
LaTeX Font Info:    Redeclaring math symbol \Delta on input line 60.
LaTeX Font Info:    Redeclaring math symbol \Theta on input line 60.
LaTeX Font Info:    Redeclaring math symbol \Lambda on input line 60.
LaTeX Font Info:    Redeclaring math symbol \Xi on input line 60.
LaTeX Font Info:    Redeclaring math symbol \Pi on input line 60.
LaTeX Font Info:    Redeclaring math symbol \Sigma on input line 60.
LaTeX Font Info:    Redeclaring math symbol \Upsilon on input line 60.
LaTeX Font Info:    Redeclaring math symbol \Phi on input line 60.
LaTeX Font Info:    Redeclaring math symbol \Psi on input line 60.
LaTeX Font Info:    Redeclaring math symbol \Omega on input line 60.
LaTeX Font Info:    Redeclaring math symbol \mathdollar on input line 60.
LaTeX Font Info:    Redeclaring symbol font `operators' on input line 60.
LaTeX Font Info:    Encoding `OT1' has changed to `TU' for symbol font
(Font)              `operators' in the math version `normal' on input line 60.
LaTeX Font Info:    Overwriting symbol font `operators' in version `normal'
(Font)                  OT1/cmr/m/n --> TU/lmr/m/n on input line 60.
LaTeX Font Info:    Encoding `OT1' has changed to `TU' for symbol font
(Font)              `operators' in the math version `bold' on input line 60.
LaTeX Font Info:    Overwriting symbol font `operators' in version `bold'
(Font)                  OT1/cmr/bx/n --> TU/lmr/m/n on input line 60.
LaTeX Font Info:    Overwriting symbol font `operators' in version `normal'
(Font)                  TU/lmr/m/n --> TU/lmr/m/n on input line 60.
LaTeX Font Info:    Overwriting math alphabet `\mathit' in version `normal'
(Font)                  OT1/cmr/m/it --> TU/lmr/m/it on input line 60.
LaTeX Font Info:    Overwriting math alphabet `\mathbf' in version `normal'
(Font)                  OT1/cmr/bx/n --> TU/lmr/b/n on input line 60.
LaTeX Font Info:    Overwriting math alphabet `\mathsf' in version `normal'
(Font)                  OT1/cmss/m/n --> TU/lmss/m/n on input line 60.
LaTeX Font Info:    Overwriting math alphabet `\mathtt' in version `normal'
(Font)                  OT1/cmtt/m/n --> TU/lmtt/m/n on input line 60.
LaTeX Font Info:    Overwriting symbol font `operators' in version `bold'
(Font)                  TU/lmr/m/n --> TU/lmr/b/n on input line 60.
LaTeX Font Info:    Overwriting math alphabet `\mathit' in version `bold'
(Font)                  OT1/cmr/bx/it --> TU/lmr/b/it on input line 60.
LaTeX Font Info:    Overwriting math alphabet `\mathsf' in version `bold'
(Font)                  OT1/cmss/bx/n --> TU/lmss/b/n on input line 60.
LaTeX Font Info:    Overwriting math alphabet `\mathtt' in version `bold'
(Font)                  OT1/cmtt/m/n --> TU/lmtt/b/n on input line 60.

*geometry* driver: auto-detecting
*geometry* detected driver: xetex
*geometry* verbose mode - [ preamble ] result:
* driver: xetex
* paper: a4paper
* layout: <same size as paper>
* layoutoffset:(h,v)=(0.0pt,0.0pt)
* modes: 
* h-part:(L,W,R)=(85.35826pt, 441.01773pt, 71.13188pt)
* v-part:(T,H,B)=(71.13188pt, 702.78308pt, 71.13188pt)
* \paperwidth=597.50787pt
* \paperheight=845.04684pt
* \textwidth=441.01773pt
* \textheight=702.78308pt
* \oddsidemargin=13.08827pt
* \evensidemargin=13.08827pt
* \topmargin=-38.1381pt
* \headheight=12.0pt
* \headsep=25.0pt
* \topskip=12.0pt
* \footskip=30.0pt
* \marginparwidth=35.0pt
* \marginparsep=10.0pt
* \columnsep=10.0pt
* \skip\footins=10.8pt plus 4.0pt minus 2.0pt
* \hoffset=-14.22636pt
* \voffset=-22.76219pt
* \mag=1000
* \@twocolumnfalse
* \@twosidefalse
* \@mparswitchfalse
* \@reversemarginfalse
* (1in=72.27pt=25.4mm, 1cm=28.453pt)

\c@lstlisting=\count335
Package hyperref Info: Link coloring OFF on input line 60.
(cd_report_win.out) (cd_report_win.out)
\@outlinefile=\write3
\openout3 = `cd_report_win.out'.


Underfull \hbox (badness 10000) detected at line 66
\TU/標楷體(0)/m/n/24 國 立 虎 尾 科 技 大 學
 []


Underfull \hbox (badness 10000) detected at line 68
\TU/標楷體(0)/m/n/24 機 械 設 計 工 程 系
 []


LaTeX Font Warning: Font shape `TU/標楷體(0)/b/n' undefined
(Font)              using `TU/標楷體(0)/m/n' instead on input line 72.


Overfull \hbox (168.51225pt too wide) detected at line 88
\TU/標楷體(0)/m/n/20.74 指 導 教 授：|  嚴 家 銘 老 師
 []


Overfull \hbox (127.03224pt too wide) detected at line 90
\TU/標楷體(0)/m/n/20.74 班 級：|  四 設 二 甲
 []


Overfull \hbox (202.29578pt too wide) detected at line 92
\TU/標楷體(0)/m/n/20.74 學 生：|  第 一 位 \TU/TimesNewRoman(0)/m/n/20.74 (411231xx)
 []


Overfull \hbox (200.52664pt too wide) detected at line 95
 \TU/標楷體(0)/m/n/20.74 第 二 位 \TU/TimesNewRoman(0)/m/n/20.74 (411231xx)
 []


Overfull \hbox (200.52664pt too wide) detected at line 97
 \TU/標楷體(0)/m/n/20.74 第 三 位 \TU/TimesNewRoman(0)/m/n/20.74 (411231xx)
 []


Overfull \hbox (200.52664pt too wide) detected at line 99
 \TU/標楷體(0)/m/n/20.74 第 四 位 \TU/TimesNewRoman(0)/m/n/20.74 (411231xx)
 []


Overfull \hbox (200.52664pt too wide) detected at line 101
 \TU/標楷體(0)/m/n/20.74 第 五 位 \TU/TimesNewRoman(0)/m/n/20.74 (411231xx)
 []


Overfull \hbox (200.52664pt too wide) detected at line 103
 \TU/標楷體(0)/m/n/20.74 第 六 位 \TU/TimesNewRoman(0)/m/n/20.74 (411231xx)
 []


Overfull \hbox (200.52664pt too wide) detected at line 105
 \TU/標楷體(0)/m/n/20.74 第 七 位 \TU/TimesNewRoman(0)/m/n/20.74 (411231xx)
 []


Overfull \hbox (200.52664pt too wide) detected at line 107
 \TU/標楷體(0)/m/n/20.74 第 八 位 \TU/TimesNewRoman(0)/m/n/20.74 (411231xx)
 []

[1

] (abstract.tex [1

]) [2] (cd_report_win.toc [3

]
Overfull \hbox (1.37032pt too wide) detected at line 21
 \TU/TimesNewRoman(0)/m/n/20.74 11
 []


Overfull \hbox (2.13997pt too wide) detected at line 22
 \TU/TimesNewRoman(0)/m/n/20.74 15
 []


Overfull \hbox (2.13997pt too wide) detected at line 23
 \TU/TimesNewRoman(0)/m/n/20.74 17
 []


Overfull \hbox (2.13997pt too wide) detected at line 24
 \TU/TimesNewRoman(0)/m/n/20.74 17
 []


Overfull \hbox (2.13997pt too wide) detected at line 25
 \TU/TimesNewRoman(0)/m/n/20.74 17
 []


Overfull \hbox (2.13997pt too wide) detected at line 26
 \TU/TimesNewRoman(0)/m/n/20.74 19
 []


Overfull \hbox (2.13997pt too wide) detected at line 27
 \TU/TimesNewRoman(0)/m/n/20.74 20
 []


Overfull \hbox (2.13997pt too wide) detected at line 28
 \TU/TimesNewRoman(0)/m/n/20.74 20
 []


Overfull \hbox (2.13997pt too wide) detected at line 29
 \TU/TimesNewRoman(0)/m/n/20.74 20
 []


Overfull \hbox (2.13997pt too wide) detected at line 30
 \TU/TimesNewRoman(0)/m/n/20.74 20
 []


Overfull \hbox (2.13997pt too wide) detected at line 31
 \TU/TimesNewRoman(0)/m/n/20.74 23
 []

)
\tf@toc=\write4
\openout4 = `cd_report_win.toc'.

 [4] (cd_report_win.lof
Overfull \hbox (0.43929pt too wide) detected at line 18
 []\TU/lmr/m/n/20.74 10
 []


Overfull \hbox (0.43929pt too wide) detected at line 19
 []\TU/lmr/m/n/20.74 10
 []


Overfull \hbox (0.43929pt too wide) detected at line 20
 []\TU/lmr/m/n/20.74 11
 []


Overfull \hbox (0.43929pt too wide) detected at line 21
 []\TU/lmr/m/n/20.74 12
 []

[5

]
Overfull \hbox (0.43929pt too wide) detected at line 22
 []\TU/lmr/m/n/20.74 12
 []


Overfull \hbox (0.43929pt too wide) detected at line 23
 []\TU/lmr/m/n/20.74 13
 []


Overfull \hbox (0.43929pt too wide) detected at line 24
 []\TU/lmr/m/n/20.74 13
 []


Overfull \hbox (0.43929pt too wide) detected at line 25
 []\TU/lmr/m/n/20.74 14
 []


Overfull \hbox (0.43929pt too wide) detected at line 26
 []\TU/lmr/m/n/20.74 14
 []


Overfull \hbox (0.43929pt too wide) detected at line 27
 []\TU/lmr/m/n/20.74 15
 []


Overfull \hbox (0.43929pt too wide) detected at line 28
 []\TU/lmr/m/n/20.74 16
 []


Overfull \hbox (0.43929pt too wide) detected at line 29
 []\TU/lmr/m/n/20.74 16
 []


Overfull \hbox (0.43929pt too wide) detected at line 31
 []\TU/lmr/m/n/20.74 17
 []


Overfull \hbox (0.43929pt too wide) detected at line 32
 []\TU/lmr/m/n/20.74 18
 []


Overfull \hbox (0.43929pt too wide) detected at line 33
 []\TU/lmr/m/n/20.74 18
 []


Overfull \hbox (0.43929pt too wide) detected at line 34
 []\TU/lmr/m/n/20.74 19
 []


Overfull \hbox (0.43929pt too wide) detected at line 35
 []\TU/lmr/m/n/20.74 19
 []


Overfull \hbox (0.43929pt too wide) detected at line 37
 []\TU/lmr/m/n/20.74 20
 []


Overfull \hbox (0.43929pt too wide) detected at line 38
 []\TU/lmr/m/n/20.74 21
 []


Overfull \hbox (0.43929pt too wide) detected at line 39
 []\TU/lmr/m/n/20.74 21
 []


Overfull \hbox (0.43929pt too wide) detected at line 40
 []\TU/lmr/m/n/20.74 22
 []

)
\tf@lof=\write5
\openout5 = `cd_report_win.lof'.

 (1_introduction.tex [6]
Chapter 1.

Underfull \hbox (badness 10000) in paragraph at lines 7--8

 []

File: ./../images//35.png Graphic file (type bmp)
<./../images//35.png>
) (2_player_making_process.tex [1

]
Chapter 2.
File: ./../images//36.png Graphic file (type bmp)
<./../images//36.png>
File: ./../images//37.png Graphic file (type bmp)
<./../images//37.png>
[2

]
File: ./../images//38.png Graphic file (type bmp)
<./../images//38.png>
File: ./../images//39.png Graphic file (type bmp)
<./../images//39.png>
) (3_Lua_source_code.tex [3]
Chapter 3.

Underfull \hbox (badness 10000) in paragraph at lines 7--8

 []

File: ./../images//40.png Graphic file (type bmp)
<./../images//40.png>

Overfull \hbox (6.85922pt too wide) in paragraph at lines 16--17
\TU/TimesNewRoman(0)/m/n/14 ity1\TU/標楷體(0)/m/n/14 ，| \TU/TimesNewRoman(0)/m/n/1
4 rightWheelVelocity1\TU/標楷體(0)/m/n/14 ，| \TU/TimesNewRoman(0)/m/n/14 leftWheel
Velocity2\TU/標楷體(0)/m/n/14 ，| \TU/TimesNewRoman(0)/m/n/14 rightWheelVelocity2\T
U/標楷體(0)/m/n/14 ，|  分 別
 []


Underfull \hbox (badness 10000) in paragraph at lines 16--17

 []

[4

]
File: ./../images//41.png Graphic file (type bmp)
<./../images//41.png>

Underfull \hbox (badness 10000) in paragraph at lines 25--26

 []

File: ./../images//42.png Graphic file (type bmp)
<./../images//42.png>

Underfull \hbox (badness 10000) in paragraph at lines 33--35

 []

[5]
File: ./../images//43.png Graphic file (type bmp)
<./../images//43.png>

Underfull \hbox (badness 10000) in paragraph at lines 42--44

 []

[6]
File: ./../images//44.png Graphic file (type bmp)
<./../images//44.png>

Underfull \hbox (badness 10000) in paragraph at lines 52--53

 []

File: ./../images//45.png Graphic file (type bmp)
<./../images//45.png>
) (4_timer_scooreboard.tex
Underfull \hbox (badness 10000) in paragraph at lines 60--1

 []

[7] [8]
Chapter 4.

Underfull \hbox (badness 10000) in paragraph at lines 7--8

 []

File: ./../images//46.png Graphic file (type bmp)
<./../images//46.png>

Underfull \hbox (badness 10000) in paragraph at lines 15--17

 []

[8

]
File: ./../images//47.png Graphic file (type bmp)
<./../images//47.png>

Underfull \hbox (badness 10000) in paragraph at lines 24--26

 []

[9]
File: ./../images//48.png Graphic file (type bmp)
<./../images//48.png>
File: ./../images//49.png Graphic file (type bmp)
<./../images//49.png>

Overfull \hbox (49.8342pt too wide) in paragraph at lines 34--43
[]\TU/TimesNewRoman(0)/m/n/14 (\TU/標楷體(0)/m/n/14 圖\TU/TimesNewRoman(0)/m/n/14 .
[]4.3[]) sysCall actuation \TU/標楷體(0)/m/n/14 在 模 擬 時 被 調 用，|  首 先 藉 由 \TU/Times
NewRoman(0)/m/n/14 sim.getSimulationTime()
 []

[10]
File: ./../images//50.png Graphic file (type bmp)
<./../images//50.png>

Overfull \hbox (14.22635pt too wide) in paragraph at lines 47--48
 [] 
 []


Underfull \hbox (badness 10000) in paragraph at lines 51--52

 []

[11]
File: ./../images//51.png Graphic file (type bmp)
<./../images//51.png>

Overfull \hbox (14.22635pt too wide) in paragraph at lines 55--56
 [] 
 []

File: ./../images//52.png Graphic file (type bmp)
<./../images//52.png>

Overfull \hbox (14.22635pt too wide) in paragraph at lines 63--64
 [] 
 []

File: ./../images//53.png Graphic file (type bmp)
<./../images//53.png>

Overfull \hbox (14.22635pt too wide) in paragraph at lines 71--72
 [] 
 []

[12]
File: ./../images//54.png Graphic file (type bmp)
<./../images//54.png>

Overfull \hbox (14.22635pt too wide) in paragraph at lines 80--81
 [] 
 []


Underfull \hbox (badness 10000) in paragraph at lines 85--86

 []

[13]
File: ./../images//55.png Graphic file (type bmp)
<./../images//55.png>

Overfull \hbox (14.22635pt too wide) in paragraph at lines 89--90
 [] 
 []

File: ./../images//56.png Graphic file (type bmp)
<./../images//56.png>

Overfull \hbox (14.22635pt too wide) in paragraph at lines 97--98
 [] 
 []


Underfull \hbox (badness 10000) in paragraph at lines 102--103

 []

[14]
File: ./../images//57.png Graphic file (type bmp)
<./../images//57.png>
 [15]
File: ./../images//58.png Graphic file (type bmp)
<./../images//58.png>
File: ./../images//59.png Graphic file (type bmp)
<./../images//59.png>

Overfull \hbox (22.16492pt too wide) in paragraph at lines 119--126
\TU/TimesNewRoman(0)/m/n/14 /scorebord/board a/joint[1] \TU/標楷體(0)/m/n/14 的 關 節
 存 入 變 量\TU/TimesNewRoman(0)/m/n/14 "a1"\TU/標楷體(0)/m/n/14 ，|  以 \TU/TimesNewRom
an(0)/m/n/14 sim.getJointTargetPosition()
 []

) (5_Coppeliasim_simulate_scene.tex
Underfull \hbox (badness 10000) in paragraph at lines 127--1

 []

[16]
Chapter 5.

Underfull \hbox (badness 10000) in paragraph at lines 7--8

 []

File: ./../images//15.png Graphic file (type bmp)
<./../images//15.png>
File: ./../images//28.png Graphic file (type bmp)
<./../images//28.png>
[17

]
File: ./../images//29.png Graphic file (type bmp)
<./../images//29.png>
 [18]
File: ./../images//60.png Graphic file (type bmp)
<./../images//60.png>
File: ./../images//61.png Graphic file (type bmp)
<./../images//61.png>
) (6_game_conection.tex [19]
Chapter 6.

Underfull \hbox (badness 10000) in paragraph at lines 7--8

 []

File: ./../images//03.png Graphic file (type bmp)
<./../images//03.png>
File: ./../images//07.png Graphic file (type bmp)
<./../images//07.png>
File: ./../images//08.png Graphic file (type bmp)
<./../images//08.png>
[20

]
Underfull \hbox (badness 10000) in paragraph at lines 33--34

 []

[21]
File: ./../images//09.png Graphic file (type bmp)
<./../images//09.png>

Overfull \hbox (114.15562pt too wide) in paragraph at lines 37--38
 [] 
 []

) (7_suggestion.tex
Underfull \hbox (badness 10000) in paragraph at lines 41--1

 []

[22]
Chapter 7.

Underfull \hbox (badness 10000) in paragraph at lines 2--3

 []

)
Underfull \hbox (badness 10000) in paragraph at lines 4--152

 []

[23

] (cd_report_win.aux)

LaTeX Font Warning: Some font shapes were not available, defaults substituted.

Package rerunfilecheck Info: File `cd_report_win.out' has not changed.
(rerunfilecheck)             Checksum: A26BD8158A695C24DA219EF74B0584F8;3020.
 ) 
Here is how much of TeX's memory you used:
 19847 strings out of 411476
 383924 string characters out of 5820613
 1856001 words of memory out of 5000000
 39780 multiletter control sequences out of 15000+600000
 518161 words of font info for 93 fonts, out of 8000000 for 9000
 1348 hyphenation exceptions out of 8191
 72i,6n,84p,790b,488s stack positions out of 10000i,1000n,20000p,200000b,200000s

Output written on cd_report_win.pdf (31 pages).
