\BOOKMARK [0][-]{Doc-Start}{\376\377\144\130\000\040\000\040\000\040\211\201}{}% 1
\BOOKMARK [0][-]{Doc-Start}{\376\377\000A\000b\000s\000t\000r\000a\000c\000t}{}% 2
\BOOKMARK [0][-]{Doc-Start}{\376\377\212\214\000\040\000\040\000\040\213\035}{}% 3
\BOOKMARK [0][-]{chapter.1}{\376\377\122\115\212\000}{}% 4
\BOOKMARK [1][-]{section.1.1}{\376\377\170\024\172\166\122\325\152\137}{chapter.1}% 5
\BOOKMARK [1][-]{section.1.2}{\376\377\170\024\172\166\166\356\166\204\123\312\145\271\154\325}{chapter.1}% 6
\BOOKMARK [1][-]{section.1.3}{\376\377\134\010\230\114\212\252\146\016}{chapter.1}% 7
\BOOKMARK [1][-]{section.1.4}{\376\377\145\207\163\173\143\242\212\016}{chapter.1}% 8
\BOOKMARK [0][-]{chapter.2}{\376\377\147\011\226\120\121\103\175\040\154\325}{}% 9
\BOOKMARK [1][-]{section.2.1}{\376\377\127\372\147\054\151\202\137\365}{chapter.2}% 10
\BOOKMARK [2][-]{subsection.2.1.1}{\376\377\220\212\165\114\150\235\116\366}{section.2.1}% 11
\BOOKMARK [2][-]{subsection.2.1.2}{\376\377\175\262\150\074\122\203\122\006\127\372\147\054\123\237\122\107}{section.2.1}% 12
\BOOKMARK [1][-]{section.2.2}{\376\377\212\010\173\227\123\312\121\154\137\017\116\313\175\071}{chapter.2}% 13
\BOOKMARK [2][-]{subsection.2.2.1}{\376\377\213\212\137\142\122\006\147\220}{section.2.2}% 14
\BOOKMARK [2][-]{subsection.2.2.2}{\376\377\141\311\122\233\145\271\172\013}{section.2.2}% 15
\BOOKMARK [1][-]{section.2.3}{\376\377\122\006\147\220\153\145\232\137}{chapter.2}% 16
\BOOKMARK [0][-]{chapter.3}{\376\377\126\333\215\263\152\137\126\150\116\272}{}% 17
\BOOKMARK [1][-]{section.3.1}{\376\377\141\311\165\050\173\304\127\015\123\312\117\134\165\050}{chapter.3}% 18
\BOOKMARK [1][-]{section.3.2}{\376\377\220\043\150\177\225\211\164\260\152\137\151\313}{chapter.3}% 19
\BOOKMARK [1][-]{section.3.3}{\376\377\170\154\232\324\147\266\151\313}{chapter.3}% 20
\BOOKMARK [1][-]{section.3.4}{\376\377\220\113\122\325\216\314\215\341}{chapter.3}% 21
\BOOKMARK [1][-]{section.3.5}{\376\377\126\333\220\043\150\177\152\137\151\313\220\113\122\325\133\170\152\041\127\213}{chapter.3}% 22
\BOOKMARK [2][-]{subsection.3.5.1}{\376\377\230\006\124\021\220\113\122\325\133\170}{section.3.5}% 23
\BOOKMARK [2][-]{subsection.3.5.2}{\376\377\220\006\124\021\220\113\122\325\133\170}{section.3.5}% 24
\BOOKMARK [0][-]{chapter.4}{\376\377\212\055\212\010\123\312\152\041\144\354\164\260\130\203}{}% 25
\BOOKMARK [1][-]{section.4.1}{\376\377\000S\000o\000l\000i\000d\000\040\000E\000d\000g\000e\136\372\152\041}{chapter.4}% 26
\BOOKMARK [2][-]{subsection.4.1.1}{\376\377\162\171\137\265\136\372\152\041}{section.4.1}% 27
\BOOKMARK [1][-]{section.4.2}{\376\377\000G\000e\000o\000g\000e\000b\000r\000a\215\357\137\221\152\041\144\354}{chapter.4}% 28
\BOOKMARK [1][-]{section.4.3}{\376\377\000C\000o\000p\000p\000e\000l\000i\000a\000S\000i\000m\220\113\122\325\152\041\144\354}{chapter.4}% 29
\BOOKMARK [2][-]{subsection.4.3.1}{\376\377\136\070\165\050\122\237\200\375\122\107}{section.4.3}% 30
\BOOKMARK [2][-]{subsection.4.3.2}{\376\377\000R\000e\000m\000o\000t\000e\000A\000P\000I}{section.4.3}% 31
\BOOKMARK [1][-]{section.4.4}{\376\377\000P\000y\000t\000h\000o\000n\172\013\137\017\143\247\122\066}{chapter.4}% 32
\BOOKMARK [1][-]{section.4.5}{\376\377\147\011\226\120\121\103\175\040\154\325}{chapter.4}% 33
\BOOKMARK [0][-]{chapter.5}{\376\377\126\333\215\263\152\137\126\150\116\272\220\113\122\325\152\041\144\354}{}% 34
\BOOKMARK [1][-]{section.5.1}{\376\377\152\041\127\213\123\312\164\260\130\203\212\055\133\232}{chapter.5}% 35
\BOOKMARK [1][-]{section.5.2}{\376\377\000P\000y\000t\000h\000o\000n\143\247\122\066\172\013\137\017}{chapter.5}% 36
\BOOKMARK [1][-]{section.5.3}{\376\377\220\113\122\325\152\041\144\354}{chapter.5}% 37
\BOOKMARK [0][-]{chapter.6}{\376\377\126\333\215\263\152\137\126\150\116\272\147\011\226\120\121\103\175\040\122\006\147\220}{}% 38
\BOOKMARK [1][-]{section.6.1}{\376\377\147\011\226\120\121\103\175\040\122\006\147\220}{chapter.6}% 39
\BOOKMARK [1][-]{section.6.2}{\376\377\000S\000o\000l\000i\000d\000\040\000E\000d\000g\000e\202\007\000A\000n\000s\000y\000s\122\006\147\220\153\324\217\003}{chapter.6}% 40
\BOOKMARK [0][-]{chapter.7}{\376\377\165\037\142\020\137\017\212\055\212\010}{}% 41
\BOOKMARK [1][-]{section.7.1}{\376\377\165\037\142\020\137\017\212\055\212\010\123\237\164\006}{chapter.7}% 42
\BOOKMARK [1][-]{section.7.2}{\376\377\212\055\212\010\155\101\172\013}{chapter.7}% 43
\BOOKMARK [1][-]{section.7.3}{\376\377\226\366\116\366\121\052\123\026}{chapter.7}% 44
\BOOKMARK [0][-]{chapter.8}{\376\377\176\075\175\120}{}% 45
\BOOKMARK [0][-]{chapter.9}{\376\377\147\052\117\206\134\125\147\033}{}% 46
\BOOKMARK [0][-]{chapter.9}{\376\377\123\303\200\003\145\207\163\173}{}% 47
\BOOKMARK [0][-]{chapter*.4}{\376\377\226\104\223\004}{}% 48
\BOOKMARK [0][-]{figure.Alph0.5}{\376\377\117\134\200\005\174\041\116\313}{}% 49
